
--- RESULTS ---
Champion: Asombra | diff with zaz is:
Champion: Bazou | diff with zaz is:
Champion: Car | diff with zaz is:
Champion: Code_eater | diff with zaz is:
Champion: Dave | diff with zaz is:
Champion: Douceur_power | diff with zaz is:
Champion: Eraser | diff with zaz is:
Champion: Explosive_Kitty | diff with zaz is:
Champion: ForgottenOne | diff with zaz is:
Champion: Gagnant | diff with zaz is:
Champion: Hidden | diff with zaz is:
Champion: Horace | diff with zaz is:
Champion: Izi_Miaou | diff with zaz is:
Champion: Kappa | diff with zaz is:
Champion: Kitty_Miaou | diff with zaz is:
Champion: Kittystrophic | diff with zaz is:
Champion: Machine-gun | diff with zaz is:
Champion: MarineKing | diff with zaz is:
Champion: Misaka_Mikoto | diff with zaz is:
Champion: NoIdea | diff with zaz is:
Champion: O-Maley_Miaou | diff with zaz is:
Champion: Octobre_Rouge_V4.2 | diff with zaz is:
Champion: Rainbow_dash | diff with zaz is:
Champion: Stargate0_1 | diff with zaz is:
Champion: THUNDER | diff with zaz is:
Champion: TheHarvester | diff with zaz is:
Champion: Varimathras | diff with zaz is:
Champion: Wall | diff with zaz is:
Champion: _ | diff with zaz is:
Champion: _honeybadger | diff with zaz is:
Champion: big_feet | diff with zaz is:
Champion: casimir | diff with zaz is:
Champion: champ | diff with zaz is:
Champion: corelol | diff with zaz is:
Champion: darksasuke | diff with zaz is:
Champion: doge | diff with zaz is:
Champion: dubo | diff with zaz is:
Champion: echo | diff with zaz is:
Champion: ex | diff with zaz is:
Champion: fast | diff with zaz is:
Champion: gateau | diff with zaz is:
Champion: gedeon | diff with zaz is:
Champion: jinx | diff with zaz is:
Champion: jumper | diff with zaz is:
Champion: justin_bee | diff with zaz is:
Champion: kamelkaze | diff with zaz is:
Champion: katchup | diff with zaz is:
Champion: lapsang | diff with zaz is:
Champion: le_pet_de_nonne | diff with zaz is:
Champion: littlepuppy | diff with zaz is:
Champion: live | diff with zaz is:
Champion: loose | diff with zaz is:
Champion: lou_forktologue | diff with zaz is:
Champion: mandragore | diff with zaz is:
Champion: master_of_puppets | diff with zaz is:
Champion: maxidef | diff with zaz is:
Champion: meowluigi | diff with zaz is:
Champion: mise_a_jour_windows95 | diff with zaz is:
Champion: mortel | diff with zaz is:
Champion: overwatch | diff with zaz is:
Champion: pai_mu_tan | diff with zaz is:
Champion: run_Kitty_RUN | diff with zaz is:
Champion: salamahenagalabadoun | diff with zaz is:
Champion: sam_2.0 | diff with zaz is:
Champion: sencha | diff with zaz is:
Champion: skynet | diff with zaz is:
Champion: slider2 | diff with zaz is:
Champion: tchupka | diff with zaz is:
Champion: terminator | diff with zaz is:
Champion: test | diff with zaz is:
Champion: toto | diff with zaz is:
Champion: ultima | diff with zaz is:
Champion: ultimate-surrender | diff with zaz is:
Champion: wave | diff with zaz is:
Champion: youforkmytralala | diff with zaz is:
Champion: zork | diff with zaz is:
